0:100  0:100  MemLog inited, TSC freq: 2593996833
0:100  0:000  
0:100  0:000  Now is 24.2.2015,  4:19:56 (GMT+2047)
0:100  0:000  Starting Clover rev 3176:3182 on American Megatrends EFI
0:100  0:000  SelfDevicePath=PciRoot(0x0)\Pci(0x1F,0x2)\Sata(0x0,0xFFFF,0x0)\HD(1,GPT,5F7317D7-D2AE-4BE5-85B7-57A3907F6D3A,0x800,0xFA000) @BC1B7F98
0:100  0:000  SelfDirPath = \EFI\CLOVER
0:100  0:000  Total Memory Slots Count = 4
0:100  0:000  Type 17 Index = 0
0:100  0:000  Ignoring insane frequency value 0MHz
0:100  0:000  SmbiosTable.Type17->Speed = 0MHz
0:100  0:000  SmbiosTable.Type17->Size = 0MB
0:100  0:000  SmbiosTable.Type17->Bank/Device = BANK 0 ChannelA-DIMM0
0:100  0:000  Type 17 Index = 1
0:100  0:000  SmbiosTable.Type17->Speed = 1600MHz
0:100  0:000  SmbiosTable.Type17->Size = 8192MB
0:100  0:000  SmbiosTable.Type17->Bank/Device = BANK 1 ChannelA-DIMM1
0:100  0:000  Type 17 Index = 2
0:100  0:000  Ignoring insane frequency value 0MHz
0:100  0:000  SmbiosTable.Type17->Speed = 0MHz
0:100  0:000  SmbiosTable.Type17->Size = 0MB
0:100  0:000  SmbiosTable.Type17->Bank/Device = BANK 2 ChannelB-DIMM0
0:100  0:000  Type 17 Index = 3
0:100  0:000  SmbiosTable.Type17->Speed = 1333MHz
0:100  0:000  SmbiosTable.Type17->Size = 4096MB
0:100  0:000  SmbiosTable.Type17->Bank/Device = BANK 3 ChannelB-DIMM1
0:100  0:000  Boot status=0
0:100  0:000  Clover revision: 3176:3182  running on CP65S
0:100  0:000  ... with board CP65S
0:100  0:000  CPU Vendor = 756E6547 Model=306C3
0:100  0:000  The CPU supported turbo
0:100  0:000  BrandString = Intel(R) Core(TM) i7-4720HQ CPU @ 2.60GHz
0:100  0:000  MSR 0xE2 before patch 1E008405
0:100  0:000  MSR 0xE2 is locked, PM patches will be turned on
0:100  0:000  MSR 0xE4              00021814
0:100  0:000  MSR 0xCE              00080838_F3011A00
0:100  0:000  non-usable FLEX_RATIO = 50000
0:100  0:000  corrected FLEX_RATIO = 40000
0:100  0:000  MSR 0x1B0             00000000
0:100  0:000  FSBFrequency=100MHz DMIvalue=100000kHz
0:100  0:000  Corrected FSBFrequency=100MHz
0:100  0:000  Vendor/Model/Stepping: 0x756E6547/0x3C/0x3
0:100  0:000  Family/ExtFamily: 0x6/0x0
0:100  0:000  MaxDiv/MinDiv: 26.0/8
0:100  0:000  Turbo: 34/34/35/36
0:100  0:000  Features: 0xBFEBFBFF
0:100  0:000  Threads: 8
0:100  0:000  Cores: 4
0:100  0:000  FSB: 100 MHz
0:100  0:000  CPU: 2600 MHz
0:100  0:000  TSC: 2600 MHz
0:100  0:000  PIS: 400 MHz
0:100  0:000  PCI (00|00:00.00) : 8086 0C04 class=060000
0:100  0:000  PCI (00|00:01.00) : 8086 0C01 class=060400
0:100  0:000  PCI (00|01:00.00) : 10DE 13D9 class=030200
0:100  0:000  PCI (00|00:02.00) : 8086 0416 class=030000
0:100  0:000  Found GFX model=Intel HD Graphics 4600
0:100  0:000  PCI (00|00:03.00) : 8086 0C0C class=040300
0:100  0:000  PCI (00|00:14.00) : 8086 8C31 class=0C0330
0:100  0:000  PCI (00|00:16.00) : 8086 8C3A class=078000
0:100  0:000  PCI (00|00:16.01) : FFFF FFFF class=FFFFFF
0:100  0:000  PCI (00|00:1A.00) : 8086 8C2D class=0C0320
0:100  0:000  PCI (00|00:1B.00) : 8086 8C20 class=040300
0:100  0:000  PCI (00|00:1C.00) : 8086 8C10 class=060400
0:100  0:000  PCI (00|00:1C.04) : 8086 8C18 class=060400
0:100  0:000  PCI (00|03:00.00) : 10EC 5287 class=FF0000
0:100  0:000  PCI (00|03:00.01) : 10EC 8168 class=020000
0:100  0:000  LAN 0, Vendor=10EC, MMIO=D000
0:100  0:000  PCI (00|00:1C.05) : 8086 8C1A class=060400
0:100  0:000  PCI (00|04:00.00) : 10EC B723 class=028000
0:100  0:000  PCI (00|00:1D.00) : 8086 8C26 class=0C0320
0:100  0:000  PCI (00|00:1F.00) : 8086 8C4B class=060100
0:100  0:000  PCI (00|00:1F.02) : 8086 8C03 class=010601
0:100  0:000  PCI (00|00:1F.03) : 8086 8C22 class=0C0500
0:100  0:000  PCI (00|00:1F.06) : FFFF FFFF class=FFFFFF
0:100  0:000  Clover load options size = 20 bytes
0:100  0:000  Clover started with option to boot _TpRpa( from backup
0:130  0:030  Using OEM config.plist at path: EFI\CLOVER\OEM\CP65S\config.plist
0:130  0:000  EFI\CLOVER\OEM\CP65S\config.plist loaded: Success
0:134  0:003  Found theme directory: BOOTCAMP
0:151  0:017  Found theme directory: EMBEDDED
0:157  0:006  Found theme directory: ICLOVER
0:163  0:005  Found theme directory: RANDOM
0:164  0:001  Loading early settings
0:164  0:000  timeout set to 5
0:164  0:000  Custom boot CUSTOM_BOOT_DISABLED (0x0)
0:164  0:000  ForceKextsToLoad: 1 requested
0:164  0:000  ForceKextsToLoad 0: System\Library\Extensions\IONetworkingFamily.kext
0:164  0:000  KextsToPatch: 14 requested
0:164  0:000  KextToPatch 0: disabled:AppleIntelFramebufferAzul (HDMI-audio, port 0105, 0x0a260005 0x0a260006, 0x0d220003, 0x0a2e000a, 0x0a26000a) Kext bin patch, data len: 12
0:164  0:000  KextToPatch 1: disabled:AppleIntelFrameBufferAzul (Enable internal display after sleep for 0x0a2e000a, 0x0a26000a) Kext bin patch, data len: 16
0:164  0:000  KextToPatch 2: disabled:AppleHDAController (HDMI-audio, unsupported HDAU 0c0c, 1 of 2 (range check)) Kext bin patch, data len: 5
0:164  0:000  KextToPatch 3: AppleHDA (t1-10.9-10.10-AppleHDA/Realtek ALC892) Kext bin patch, data len: 4
0:164  0:000  KextToPatch 4: disabled:IOGraphicsFamily (Boot graphics glitch, 10.10.0/10.10.1 (2 of 2)) Kext bin patch, data len: 5
0:164  0:000  KextToPatch 5: disabled:IOAHCIBlockStorage (Enable TRIM for SSD) Kext bin patch, data len: 11
0:164  0:000  KextToPatch 6: disabled:AppleIntelFramebufferAzul (0x0a260006 9MB cursor bytes patch) Kext bin patch, data len: 20
0:164  0:000  KextToPatch 7: disabled:AppleIntelFramebufferAzul (HDMI-audio, port 0204, 0x0a2e0008, 0x0a16000c, 0x0a2e000d, 0x0a26000d) Kext bin patch, data len: 12
0:164  0:000  KextToPatch 8: AppleHDA (t1-10.9-10.10-AppleHDA/Resources/xml>zml) Kext bin patch, data len: 6
0:164  0:000  KextToPatch 9: disabled:IOGraphicsFamily (Boot graphics glitch, 10.10.0/10.10.1 (1 of 2)) Kext bin patch, data len: 5
0:164  0:000  KextToPatch 10: disabled:IOGraphicsFamily (Boot graphics glitch, 10.10.2) Kext bin patch, data len: 5
0:164  0:000  KextToPatch 11: disabled:AppleHDAController (HDMI-audio, unsuppored HDAU 0c0c, 2 of 2 (0c0a to 0c0c)) Kext bin patch, data len: 5
0:164  0:000  KextToPatch 12: disabled:AppleIntelFramebufferAzul (HDMI-audio, port 0105, 0x0a2e0008, 0x0a16000c, 0x0a2e000d, 0x0a26000d) Kext bin patch, data len: 12
0:164  0:000  KextToPatch 13: disabled:AppleIntelFramebufferAzul (HDMI-audio, port 0204, 0x0a260005 0x0a260006) Kext bin patch, data len: 12
0:164  0:000  Default theme: bootcamp
0:164  0:000  Hiding entries with string personal
0:164  0:000  Hiding entries with string backup
0:164  0:000  Hiding entries with string data
0:164  0:000  Hiding entries with string software
0:164  0:000  ** Warning: unknown custom entry Type 'Other'
0:164  0:000  LoadDrivers() start
0:170  0:006  Loading DataHubDxe-64.efi  status=Success
0:179  0:008  Loading FSInject-64.efi  status=Success
0:185  0:006  Loading HFSPlus.efi  status=Success
0:186  0:000   - driver needs connecting
0:186  0:000  Loading NTFS.EFI  status=Success
0:187  0:000   - driver needs connecting
0:187  0:000  Loading OsxAptioFix2Drv-64.efi  status=Success
0:187  0:000  Loading OsxFatBinaryDrv-64.efi  status=Success
0:188  0:000  Loading PartitionDxe-64.efi  status=Success
0:188  0:000   - driver needs connecting
0:189  0:000  Loading CsmVideoDxe-64.efi  status=Success
0:189  0:000   - driver needs connecting
0:189  0:000  4 drivers needs connecting ...
0:189  0:000  PlatformDriverOverrideProtocol->GetDriver overriden
0:189  0:000  Partition driver loaded: 
0:189  0:000  HFS+ driver loaded 
0:189  0:000  Video driver loaded: disconnect Success
0:307  0:118  Searching for invalid DiskIo BY_DRIVER connects: not found, all ok
0:321  0:013  CsmVideoDriverBindingStart
0:321  0:000  Enable the device status=Unsupported
0:321  0:000  attributes Restored
0:321  0:000  CsmVideoDriverBindingStart end Unsupported
0:321  0:000  CsmVideoDriverBindingStart
0:321  0:000  mixed support=40010
0:321  0:000  Controller is [030000]
0:321  0:000  Check for VBE
0:323  0:002   found Detail Timing 1920x1080
0:323  0:000  timing string after 0xFE:LG Display
  
0:323  0:000  timing string after 0xFE:LP156WF4-SPL1
0:323  0:000    0 1280x1024 attr=9B - ok, edid-
0:323  0:000    1 1024x768 attr=9B - ok, edid-, 1024x768, working, highest, pref=1
0:323  0:000    2 640x480 attr=9B - ok, edid-, 640x480, working
0:323  0:000    3 800x600 attr=9B - ok, edid-, 800x600, working
0:324  0:000    4 1920x1080 attr=9B - ok, edid+, working, highest, pref=4
0:324  0:000  CsmVideo: New mode: 4 1920x1080 - set
0:509  0:185   - SetMode pref 4 (4) = Success
0:509  0:000  CsmVideoCheckForVbe - Success
0:509  0:000  CsmVideoDriverBindingStart end Success
0:656  0:146  CsmVideo: New mode: 1 1024x768 - set
1:404  0:748  LoadDrivers() end
1:404  0:000  Dump SMC keys from NVRAM:
1:407  0:003  SetScreenResolution: 1920x1080 - setting Mode 4
1:407  0:000  CsmVideo: New mode: 4 1920x1080 - set
1:593  0:185  Video mode change to mode #4: Success
1:593  0:000  Console modes reported: 4, available modes:
1:593  0:000    Mode 1: 80x25 (current mode)
1:593  0:000    Mode 2: 80x50
1:593  0:000    Mode 3: 100x31
1:593  0:000    Mode 4: 240x56
1:593  0:000  reinit: self device path=PciRoot(0x0)\Pci(0x1F,0x2)\Sata(0x0,0xFFFF,0x0)\HD(1,GPT,5F7317D7-D2AE-4BE5-85B7-57A3907F6D3A,0x800,0xFA000)
1:594  0:000  MAC address of LAN #0= 80:FA:5B:13:8B:38:
1:594  0:000  ScanSPD() start
1:594  0:000  SMBus CmdReg: 0x3
1:594  0:000  Scanning SMBus [8086:8C22], mmio: 0xF7A19004, ioport: 0xF040, hostc: 0x11
1:594  0:000  Slots to scan [8]...
1:614  0:020  SPD[1]: Type 11 @0x51 
1:623  0:008  Not using XMP because it is not present
1:623  0:000  DDR speed 1600MHz 
1:623  0:000  Slot: 1 Type 24 8192MB 1600MHz Vendor=Samsung PartNo=M471B1G73QH0-YK0 SerialNo=0906010104080108 
1:643  0:020  SPD[3]: Type 11 @0x53 
1:652  0:008  Not using XMP because it is not present
1:652  0:000  DDR speed 1333MHz 
1:652  0:000  Slot: 3 Type 24 4096MB 1333MHz Vendor=Kingston PartNo=9905428-012.A00LF SerialNo=080F01090403060A 
1:676  0:024  ScanSPD() end
1:676  0:000  Get Acpi Tables List from RSDT:
1:676  0:000   Found table: FACP  PARADISE len=132
1:676  0:000   Found table: APIC  PARADISE len=146
1:676  0:000   Found table: FPDT  A M I len=68
1:676  0:000   Found table: FIDT  A M I len=156
1:676  0:000   Found table: ASF!   HCG len=165
1:676  0:000   Found table: SLIC  PARADISE len=374
1:676  0:000   Found table: SSDT  PARADISE len=3986
1:676  0:000   Found table: SSDT  PARADISE len=1337
1:676  0:000   Found table: SSDT  PARADISE len=2776
1:676  0:000   Found table: MCFG  PARADISE len=60
1:676  0:000   Found table: HPET  PARADISE len=56
1:676  0:000   Found table: SSDT  PARADISE len=789
1:676  0:000   Found table: SSDT  PARADISE len=7239
1:676  0:000   Found table: SSDT  PARADISE len=4411
1:676  0:000   Found table: DMAR  PARADISE len=184
1:676  0:000   Found table: SSDT  PARADISE len=7264
1:676  0:000   Found table: BGRT  PARADISE len=56
1:676  0:000  Calibrated TSC frequency =2593996833 =2593MHz
1:676  0:000  Loading main settings
1:676  0:000  USB FixOwnership: true
1:676  0:000  Dropping 6 tables
1:676  0:000  Drop table 0 signature="DMAR" (52414D44)
1:676  0:000  set table: 52414D44,                0 to drop:  true
1:676  0:000  
1:676  0:000  Drop table 1 signature="SSDT" (54445353) table-id="Cpu0Ist" (0074734930757043)
1:676  0:000  set table: 54445353,   74734930757043 to drop:
1:676  0:000  Drop table 2 signature="SSDT" (54445353) table-id="ApIst" (0000007473497041)
1:676  0:000  set table: 54445353,       7473497041 to drop:
1:676  0:000  Drop table 3 signature="SSDT" (54445353) table-id="Cpu0Cst" (0074734330757043)
1:676  0:000  set table: 54445353,   74734330757043 to drop:
1:676  0:000  Drop table 4 signature="SSDT" (54445353) table-id="ApCst" (0000007473437041)
1:676  0:000  set table: 54445353,       7473437041 to drop:
1:676  0:000  Drop table 5 signature="SSDT" (54445353) table-id="CpuPm" (0000006D50757043)
1:676  0:000  set table: 54445353,       6D50757043 to drop:
1:676  0:000  Config set Fixes will override FixMask mask!
1:676  0:000     final mask=90240000
1:676  0:000  Config set PluginType=1
1:677  0:000  found 21 volumes with blockIO
1:677  0:000   0. Volume:
1:677  0:000    PciRoot(0x0)\Pci(0x1A,0x0)\USB(0x0,0x0)\USB(0x1,0x0)
1:716  0:039    USB volume
1:716  0:000    USB volume
1:716  0:000   1. Volume:
1:716  0:000    PciRoot(0x0)\Pci(0x1A,0x0)\USB(0x0,0x0)\USB(0x1,0x0)\HD(1,GPT,069A4D10-3548-4AAC-B74A-006D9550124A,0x800,0x12B800)
1:725  0:008    Result of bootcode detection: bootable Clover (clover)
1:725  0:000    USB volume
1:725  0:000    USB volume
1:757  0:032   2. Volume:
1:757  0:000    PciRoot(0x0)\Pci(0x1A,0x0)\USB(0x0,0x0)\USB(0x1,0x0)\HD(2,GPT,D723BCEC-9BF2-4E24-9B72-C05668790A0F,0x12C000,0x40000)
1:766  0:009    USB volume
1:766  0:000    USB volume
1:767  0:000   3. Volume:
1:767  0:000    PciRoot(0x0)\Pci(0x1A,0x0)\USB(0x0,0x0)\USB(0x1,0x0)\HD(3,GPT,C18E8783-1A96-4010-9087-5E75BB25A82C,0x16C000,0x2800800)
1:779  0:012    Result of bootcode detection: bootable Windows (vista,win)
1:779  0:000    USB volume
1:779  0:000    USB volume
2:059  0:280   4. Volume:
2:059  0:000    PciRoot(0x0)\Pci(0x1A,0x0)\USB(0x0,0x0)\USB(0x1,0x0)\HD(4,GPT,9FE4AE29-A0BF-45D0-9EC7-85CB28D792D1,0x296C800,0xA000000)
2:068  0:008    Result of bootcode detection: bootable Windows (vista,win)
2:068  0:000    USB volume
2:068  0:000    USB volume
2:068  0:000   5. Volume:
2:068  0:000    PciRoot(0x0)\Pci(0x1A,0x0)\USB(0x0,0x0)\USB(0x1,0x0)\HD(5,GPT,D4428E7D-B853-4DCD-8F3C-80A5E0948A44,0xC96C800,0xA000000)
2:077  0:009    Result of bootcode detection: bootable Windows (vista,win)
2:077  0:000    USB volume
2:077  0:000    USB volume
2:080  0:002    hiding this volume
2:080  0:000   6. Volume:
2:080  0:000    PciRoot(0x0)\Pci(0x1A,0x0)\USB(0x0,0x0)\USB(0x1,0x0)\HD(6,GPT,C21A96A2-E08E-477D-AFAD-B9966852B31D,0x1696C800,0x9ECA0E0)
2:095  0:015    USB volume
2:095  0:000    USB volume
2:095  0:000   7. Volume:
2:095  0:000    PciRoot(0x0)\Pci(0x1A,0x0)\USB(0x0,0x0)\USB(0x1,0x0)\HD(7,GPT,6C47F7EE-2EB5-4CDB-A0B4-37A57301DB0C,0x208368E0,0x135F20)
2:108  0:012    USB volume
2:108  0:000    USB volume
2:108  0:000   8. Volume:
2:108  0:000    PciRoot(0x0)\Pci(0x1A,0x0)\USB(0x0,0x0)\USB(0x1,0x0)\HD(8,GPT,D03BA429-EB6C-4E6D-856C-86C5498E098E,0x2096C800,0x9FC0000)
2:111  0:002    USB volume
2:111  0:000    USB volume
2:111  0:000    hiding this volume
2:111  0:000   9. Volume:
2:111  0:000    PciRoot(0x0)\Pci(0x1A,0x0)\USB(0x0,0x0)\USB(0x1,0x0)\HD(9,GPT,A21B369F-791A-47FC-8D5D-D4A02A3977B1,0x2A96C800,0x3E800000)
2:129  0:018    Result of bootcode detection: bootable Windows (vista,win)
2:129  0:000    USB volume
2:129  0:000    USB volume
2:140  0:011    hiding this volume
2:140  0:000  10. Volume:
2:140  0:000    PciRoot(0x0)\Pci(0x1A,0x0)\USB(0x0,0x0)\USB(0x1,0x0)\HD(10,GPT,85800145-8390-4020-80CD-0B84D71B7073,0x6916C800,0x5000000)
2:164  0:023    Result of bootcode detection: bootable Windows (vista,win)
2:164  0:000    USB volume
2:164  0:000    USB volume
2:177  0:012    hiding this volume
2:177  0:000  11. Volume:
2:177  0:000    PciRoot(0x0)\Pci(0x1A,0x0)\USB(0x0,0x0)\USB(0x1,0x0)\HD(11,GPT,EB391C25-C032-43A2-B08B-A351D0DB4B3F,0x6E16C800,0x6599800)
2:193  0:016    Result of bootcode detection: bootable Windows (vista,win)
2:193  0:000    USB volume
2:193  0:000    USB volume
2:193  0:000  12. Volume:
2:193  0:000    PciRoot(0x0)\Pci(0x1F,0x2)\Sata(0x0,0xFFFF,0x0)
2:232  0:038  13. Volume:
2:232  0:000    PciRoot(0x0)\Pci(0x1F,0x2)\Sata(0x0,0xFFFF,0x0)\HD(1,GPT,5F7317D7-D2AE-4BE5-85B7-57A3907F6D3A,0x800,0xFA000)
2:232  0:000    Result of bootcode detection: bootable unknown (legacy)
2:251  0:018    This is SelfVolume !!
2:251  0:000  14. Volume:
2:251  0:000    PciRoot(0x0)\Pci(0x1F,0x2)\Sata(0x0,0xFFFF,0x0)\HD(2,GPT,5C99481B-72DE-45F3-AFE9-3B51965F8290,0x190000,0x40000)
2:252  0:000    Result of bootcode detection: bootable unknown (legacy)
2:252  0:000  15. Volume:
2:252  0:000    PciRoot(0x0)\Pci(0x1F,0x2)\Sata(0x0,0xFFFF,0x0)\HD(3,GPT,F6172D29-D0E4-4926-B7DC-D111933DB8AF,0x1D0000,0xA000800)
2:262  0:010    Result of bootcode detection: bootable Windows (vista,win)
2:262  0:000  16. Volume:
2:263  0:000    PciRoot(0x0)\Pci(0x1F,0x2)\Sata(0x0,0xFFFF,0x0)\HD(4,GPT,5AF9836F-3469-4E48-BFB0-074266BF87FD,0xA1D0800,0xA000800)
2:263  0:000  17. Volume:
2:263  0:000    PciRoot(0x0)\Pci(0x1F,0x2)\Sata(0x0,0xFFFF,0x0)\HD(5,GPT,5F7A9ADC-96C4-44E4-BEDC-B47406401B7C,0x141D1000,0xC800800)
2:273  0:009    Result of bootcode detection: bootable Windows (vista,win)
2:286  0:013    hiding this volume
2:286  0:000  18. Volume:
2:286  0:000    PciRoot(0x0)\Pci(0x1F,0x2)\Sata(0x0,0xFFFF,0x0)\HD(6,GPT,074BC64F-1D08-4099-936B-7F0AB6FB2D86,0x209D1800,0x43800800)
2:300  0:014    Result of bootcode detection: bootable Windows (vista,win)
2:312  0:012    hiding this volume
2:312  0:000  19. Volume:
2:312  0:000    PciRoot(0x0)\Pci(0x1F,0x2)\Sata(0x0,0xFFFF,0x0)\HD(7,GPT,97895B71-B5B9-4A19-ABF6-DC82372416DC,0x641D2000,0x6400800)
2:332  0:019    Result of bootcode detection: bootable Windows (vista,win)
2:343  0:011    hiding this volume
2:343  0:000  20. Volume:
2:343  0:000    PciRoot(0x0)\Pci(0x1F,0x2)\Sata(0x0,0xFFFF,0x0)\HD(8,GPT,4BC2831B-7184-45F8-A9D5-ED6A7F449757,0x6A5D2800,0xA134000)
2:357  0:014    Result of bootcode detection: bootable Windows (vista,win)
2:366  0:009    hiding this volume
2:368  0:001  Using theme 'bootcamp' (EFI\CLOVER\themes\bootcamp)
2:368  0:000  Choosing theme bootcamp
2:368  0:000  Custom entries start
2:368  0:000  Custom entry 0 skipped because it is disabled.
2:368  0:000  Custom entries finish
2:368  0:000  Scanning loaders...
2:368  0:000   0: 'Whole Disc Boot' no file system
2:368  0:000   1: '1t-efi'
2:391  0:023      AddLoaderEntry for Volume Name=1t-efi
2:391  0:000      Not match custom entry 0: Type: not match
3:245  0:854   2: 'Legacy HD2' no file system
3:245  0:000   3: 'BOOT_1TP'
3:258  0:012   4: 'win_1tp'
3:294  0:035   5: 'software_1tp' hidden
3:294  0:000   6: 'Macintosh HD'
3:321  0:027      AddLoaderEntry for Volume Name=Macintosh HD
3:321  0:000      Not match custom entry 0: Type: not match
3:372  0:050      Check if volume Is Hibernated:
3:372  0:000      Check sleep image 'by signature':
3:469  0:097      read prefs \Library\Preferences\SystemConfiguration\com.apple.PowerManagement.plist status=Success
3:469  0:000      SleepImage name from pref: ImageVolume = 'Macintosh HD', ImageName = '\private\var\vm\sleepimage'
3:519  0:049      Reading first 512 bytes of sleepimage ...
3:536  0:016   OurBlockIoRead: Lba=1E7AD130, Offset=3CF5A26000 (BlockSize=512)
3:536  0:000   sig lion: 6361622E
3:536  0:000   sig snow: 631F105F
3:536  0:000   no valid sleep image offset was found
3:536  0:000      Reading completed -> Success
3:536  0:000       sleepimage offset could not be acquired
3:536  0:000       hibernated: no - sign
3:560  0:023   7: 'Recovery HD'
3:570  0:010      AddLoaderEntry for Volume Name=Recovery HD
3:570  0:000      Not match custom entry 0: Type: not match
3:598  0:027   8: 'Mac-Backup' hidden
3:598  0:000   9: 'data_1tp' hidden
3:598  0:000  10: 'backup' hidden
3:598  0:000  11: 'Images'
3:610  0:012  12: 'Whole Disc Boot' no file system
3:610  0:000  13: 'EFI'
3:649  0:038      AddLoaderEntry for Volume Name=EFI
3:649  0:000      Not match custom entry 0: Type: not match
3:685  0:035  14: 'Legacy HD2' no file system
3:685  0:000  15: 'win'
3:697  0:012  16: 'Mac'
3:722  0:025      AddLoaderEntry for Volume Name=Mac
3:722  0:000      Not match custom entry 0: Type: not match
3:762  0:039      Check if volume Is Hibernated:
3:762  0:000      Check sleep image 'by signature':
3:831  0:068      read prefs \Library\Preferences\SystemConfiguration\com.apple.PowerManagement.plist status=Success
3:831  0:000      SleepImage name from pref: ImageVolume = 'Mac', ImageName = '\private\var\vm\sleepimage'
3:853  0:021      Reading first 512 bytes of sleepimage ...
3:861  0:008   OurBlockIoRead: Lba=B5C73F8, Offset=16B8E7F000 (BlockSize=512)
3:861  0:000   sig lion: F1E0BE9D
3:861  0:000   sig snow: 0
3:861  0:000   no valid sleep image offset was found
3:861  0:000      Reading completed -> Success
3:861  0:000       sleepimage offset could not be acquired
3:861  0:000       hibernated: no - sign
3:913  0:051  17: 'software' hidden
3:913  0:000  18: 'data' hidden
3:913  0:000  19: 'personal' hidden
3:913  0:000  20: 'backup' hidden
3:913  0:000  Custom legacy start
3:913  0:000  Custom legacy end
3:913  0:000  Scanning legacy ...
3:913  0:000   0: 'Whole Disc Boot' (legacy) not legacy
3:913  0:000   1: '1t-efi' (clover) add legacy
3:914  0:001   added 'Boot Clover from 1t-efi' OSType=3 Icon=clover
3:914  0:000   2: 'Legacy HD2' (legacy) not legacy
3:914  0:000   3: 'BOOT_1TP' (vista,win) add legacy
3:915  0:001   added 'Boot Windows from BOOT_1TP' OSType=2 Icon=vista,win
3:915  0:000   4: 'win_1tp' (vista,win) add legacy
3:916  0:001   added 'Boot Windows from win_1tp' OSType=2 Icon=vista,win
3:916  0:000   5: 'software_1tp' (vista,win) hidden
3:916  0:000   6: 'Macintosh HD' (legacy) not legacy
3:916  0:000   7: 'Recovery HD' (legacy) not legacy
3:916  0:000   8: 'Mac-Backup' (legacy) not legacy
3:916  0:000   9: 'data_1tp' (vista,win) hidden
3:916  0:000  10: 'backup' (vista,win) hidden
3:916  0:000  11: 'Images' (vista,win) add legacy
3:917  0:001   added 'Boot Windows from Images' OSType=2 Icon=vista,win
3:917  0:000  12: 'Whole Disc Boot' (legacy) not legacy
3:917  0:000  13: 'EFI' (legacy) not legacy
3:917  0:000  14: 'Legacy HD2' (legacy) not legacy
3:917  0:000  15: 'win' (vista,win) add legacy
3:918  0:001   added 'Boot Windows from win' OSType=2 Icon=vista,win
3:918  0:000  16: 'Mac' (legacy) not legacy
3:918  0:000  17: 'software' (vista,win) hidden
3:918  0:000  18: 'data' (vista,win) hidden
3:918  0:000  19: 'personal' (vista,win) hidden
3:918  0:000  20: 'backup' (vista,win) hidden
3:918  0:000  Custom tool start
3:918  0:000  Custom tool end
3:964  0:045  found tool \EFI\CLOVER\tools\Shell64U.efi
3:964  0:000  Checking EFI partition Volume 1 for Clover
3:994  0:029   Found Clover
4:004  0:010  Checking EFI partition Volume 13 for Clover
4:004  0:000   Found Clover
4:007  0:003  GetEfiBootDeviceFromNvram:
4:008  0:000   efi-boot-device-data: PciRoot(0x0)\Pci(0x1F,0x2)\Sata(0x0,0xFFFF,0x0)\HD(4,GPT,5AF9836F-3469-4E48-BFB0-074266BF87FD,0xA1D0800,0xA000800)
4:008  0:000   Volume: 'PciRoot(0x0)\Pci(0x1F,0x2)\Sata(0x0,0xFFFF,0x0)\HD(4,GPT,5AF9836F-3469-4E48-BFB0-074266BF87FD,0xA1D0800,0xA000800)'
4:008  0:000   LoaderPath: '<null string>'
4:008  0:000   Guid = 5AF9836F-3469-4E48-BFB0-074266BF87FD
4:008  0:000   volume: partition = PciRoot(0x0)\Pci(0x1F,0x2)\Sata(0x0,0xFFFF,0x0)\HD(4,GPT,5AF9836F-3469-4E48-BFB0-074266BF87FD,0xA1D0800,0xA000800)
4:008  0:000   searching for that partition
4:008  0:000    found entry 4. 'Boot Mac OS X from Mac', Volume 'Mac'
4:008  0:000  Boot redirected to Entry 4. 'Boot Mac OS X from Mac'
4:008  0:000  DefaultIndex=4 and MainMenu.EntryCount=17
4:008  0:000  Use anime=logo_3D frames=50
4:285  0:277  GUI ready
77:785  73:500  CsmVideoDriverBindingStart
77:785  0:000  Enable the device status=Unsupported
77:785  0:000  attributes Restored
77:785  0:000  CsmVideoDriverBindingStart end Unsupported
78:120  0:335  CsmVideoDriverBindingStart
78:120  0:000  Enable the device status=Unsupported
78:120  0:000  attributes Restored
78:120  0:000  CsmVideoDriverBindingStart end Unsupported
78:208  0:087  ReinitSelfLib after theme change
78:208  0:000  reinit: self device path=PciRoot(0x0)\Pci(0x1F,0x2)\Sata(0x0,0xFFFF,0x0)\HD(1,GPT,5F7317D7-D2AE-4BE5-85B7-57A3907F6D3A,0x800,0xFA000)
78:208  0:000  found 21 volumes with blockIO
78:208  0:000   0. Volume:
78:208  0:000    PciRoot(0x0)\Pci(0x1A,0x0)\USB(0x0,0x0)\USB(0x1,0x0)
78:218  0:010    USB volume
78:218  0:000    USB volume
78:218  0:000   1. Volume:
78:218  0:000    PciRoot(0x0)\Pci(0x1A,0x0)\USB(0x0,0x0)\USB(0x1,0x0)\HD(1,GPT,069A4D10-3548-4AAC-B74A-006D9550124A,0x800,0x12B800)
78:227  0:008    Result of bootcode detection: bootable Clover (clover)
78:227  0:000    USB volume
78:227  0:000    USB volume
78:227  0:000   2. Volume:
78:227  0:000    PciRoot(0x0)\Pci(0x1A,0x0)\USB(0x0,0x0)\USB(0x1,0x0)\HD(2,GPT,D723BCEC-9BF2-4E24-9B72-C05668790A0F,0x12C000,0x40000)
78:227  0:000    USB volume
78:227  0:000    USB volume
78:227  0:000   3. Volume:
78:227  0:000    PciRoot(0x0)\Pci(0x1A,0x0)\USB(0x0,0x0)\USB(0x1,0x0)\HD(3,GPT,C18E8783-1A96-4010-9087-5E75BB25A82C,0x16C000,0x2800800)
78:228  0:000    Result of bootcode detection: bootable Windows (vista,win)
78:228  0:000    USB volume
78:228  0:000    USB volume
78:228  0:000   4. Volume:
78:228  0:000    PciRoot(0x0)\Pci(0x1A,0x0)\USB(0x0,0x0)\USB(0x1,0x0)\HD(4,GPT,9FE4AE29-A0BF-45D0-9EC7-85CB28D792D1,0x296C800,0xA000000)
78:237  0:008    Result of bootcode detection: bootable Windows (vista,win)
78:237  0:000    USB volume
78:237  0:000    USB volume
78:237  0:000   5. Volume:
78:237  0:000    PciRoot(0x0)\Pci(0x1A,0x0)\USB(0x0,0x0)\USB(0x1,0x0)\HD(5,GPT,D4428E7D-B853-4DCD-8F3C-80A5E0948A44,0xC96C800,0xA000000)
78:246  0:009    Result of bootcode detection: bootable Windows (vista,win)
78:246  0:000    USB volume
78:246  0:000    USB volume
78:246  0:000    hiding this volume
78:246  0:000   6. Volume:
78:246  0:000    PciRoot(0x0)\Pci(0x1A,0x0)\USB(0x0,0x0)\USB(0x1,0x0)\HD(6,GPT,C21A96A2-E08E-477D-AFAD-B9966852B31D,0x1696C800,0x9ECA0E0)
78:264  0:017    USB volume
78:264  0:000    USB volume
78:264  0:000    This is SelfVolume !!
78:264  0:000   7. Volume:
78:264  0:000    PciRoot(0x0)\Pci(0x1A,0x0)\USB(0x0,0x0)\USB(0x1,0x0)\HD(7,GPT,6C47F7EE-2EB5-4CDB-A0B4-37A57301DB0C,0x208368E0,0x135F20)
78:277  0:012    USB volume
78:277  0:000    USB volume
78:277  0:000   8. Volume:
78:277  0:000    PciRoot(0x0)\Pci(0x1A,0x0)\USB(0x0,0x0)\USB(0x1,0x0)\HD(8,GPT,D03BA429-EB6C-4E6D-856C-86C5498E098E,0x2096C800,0x9FC0000)
78:280  0:002    USB volume
78:280  0:000    USB volume
78:280  0:000    hiding this volume
78:280  0:000   9. Volume:
78:280  0:000    PciRoot(0x0)\Pci(0x1A,0x0)\USB(0x0,0x0)\USB(0x1,0x0)\HD(9,GPT,A21B369F-791A-47FC-8D5D-D4A02A3977B1,0x2A96C800,0x3E800000)
78:298  0:018    Result of bootcode detection: bootable Windows (vista,win)
78:298  0:000    USB volume
78:298  0:000    USB volume
78:298  0:000    hiding this volume
78:298  0:000  10. Volume:
78:298  0:000    PciRoot(0x0)\Pci(0x1A,0x0)\USB(0x0,0x0)\USB(0x1,0x0)\HD(10,GPT,85800145-8390-4020-80CD-0B84D71B7073,0x6916C800,0x5000000)
78:322  0:023    Result of bootcode detection: bootable Windows (vista,win)
78:322  0:000    USB volume
78:322  0:000    USB volume
78:322  0:000    hiding this volume
78:322  0:000  11. Volume:
78:322  0:000    PciRoot(0x0)\Pci(0x1A,0x0)\USB(0x0,0x0)\USB(0x1,0x0)\HD(11,GPT,EB391C25-C032-43A2-B08B-A351D0DB4B3F,0x6E16C800,0x6599800)
78:340  0:017    Result of bootcode detection: bootable Windows (vista,win)
78:340  0:000    USB volume
78:340  0:000    USB volume
78:340  0:000  12. Volume:
78:340  0:000    PciRoot(0x0)\Pci(0x1F,0x2)\Sata(0x0,0xFFFF,0x0)
78:346  0:006  13. Volume:
78:346  0:000    PciRoot(0x0)\Pci(0x1F,0x2)\Sata(0x0,0xFFFF,0x0)\HD(1,GPT,5F7317D7-D2AE-4BE5-85B7-57A3907F6D3A,0x800,0xFA000)
78:353  0:006    Result of bootcode detection: bootable unknown (legacy)
78:353  0:000    This is SelfVolume !!
78:353  0:000  14. Volume:
78:353  0:000    PciRoot(0x0)\Pci(0x1F,0x2)\Sata(0x0,0xFFFF,0x0)\HD(2,GPT,5C99481B-72DE-45F3-AFE9-3B51965F8290,0x190000,0x40000)
78:353  0:000    Result of bootcode detection: bootable unknown (legacy)
78:353  0:000  15. Volume:
78:354  0:000    PciRoot(0x0)\Pci(0x1F,0x2)\Sata(0x0,0xFFFF,0x0)\HD(3,GPT,F6172D29-D0E4-4926-B7DC-D111933DB8AF,0x1D0000,0xA000800)
78:360  0:006    Result of bootcode detection: bootable Windows (vista,win)
78:360  0:000  16. Volume:
78:360  0:000    PciRoot(0x0)\Pci(0x1F,0x2)\Sata(0x0,0xFFFF,0x0)\HD(4,GPT,5AF9836F-3469-4E48-BFB0-074266BF87FD,0xA1D0800,0xA000800)
78:375  0:014  17. Volume:
78:375  0:000    PciRoot(0x0)\Pci(0x1F,0x2)\Sata(0x0,0xFFFF,0x0)\HD(5,GPT,5F7A9ADC-96C4-44E4-BEDC-B47406401B7C,0x141D1000,0xC800800)
78:387  0:012    Result of bootcode detection: bootable Windows (vista,win)
78:387  0:000    hiding this volume
78:387  0:000  18. Volume:
78:387  0:000    PciRoot(0x0)\Pci(0x1F,0x2)\Sata(0x0,0xFFFF,0x0)\HD(6,GPT,074BC64F-1D08-4099-936B-7F0AB6FB2D86,0x209D1800,0x43800800)
78:397  0:010    Result of bootcode detection: bootable Windows (vista,win)
78:397  0:000    hiding this volume
78:397  0:000  19. Volume:
78:397  0:000    PciRoot(0x0)\Pci(0x1F,0x2)\Sata(0x0,0xFFFF,0x0)\HD(7,GPT,97895B71-B5B9-4A19-ABF6-DC82372416DC,0x641D2000,0x6400800)
78:413  0:015    Result of bootcode detection: bootable Windows (vista,win)
78:413  0:000    hiding this volume
78:413  0:000  20. Volume:
78:413  0:000    PciRoot(0x0)\Pci(0x1F,0x2)\Sata(0x0,0xFFFF,0x0)\HD(8,GPT,4BC2831B-7184-45F8-A9D5-ED6A7F449757,0x6A5D2800,0xA134000)
78:422  0:008    Result of bootcode detection: bootable Windows (vista,win)
78:422  0:000    hiding this volume
78:422  0:000  Choosing theme bootcamp
78:422  0:000  Custom entries start
78:422  0:000  Custom entry 0 skipped because it is disabled.
78:422  0:000  Custom entries finish
78:422  0:000  Scanning loaders...
78:422  0:000   0: 'Whole Disc Boot' no file system
78:422  0:000   1: '1t-efi'
78:422  0:000      AddLoaderEntry for Volume Name=1t-efi
78:422  0:000      Not match custom entry 0: Type: not match
79:292  0:869   2: 'Legacy HD2' no file system
79:292  0:000   3: 'BOOT_1TP'
79:304  0:012   4: 'win_1tp'
79:316  0:012   5: 'software_1tp' hidden
79:316  0:000   6: 'Macintosh HD'
79:317  0:000      AddLoaderEntry for Volume Name=Macintosh HD
79:317  0:000      Not match custom entry 0: Type: not match
79:317  0:000      Check if volume Is Hibernated:
79:317  0:000      Check sleep image 'by signature':
79:317  0:000      read prefs \Library\Preferences\SystemConfiguration\com.apple.PowerManagement.plist status=Success
79:317  0:000      SleepImage name from pref: ImageVolume = 'Macintosh HD', ImageName = '\private\var\vm\sleepimage'
79:317  0:000      Reading first 512 bytes of sleepimage ...
79:317  0:000      Reading completed -> Success
79:317  0:000       sleepimage offset could not be acquired
79:317  0:000       hibernated: no - sign
79:331  0:013   7: 'Recovery HD'
79:331  0:000      AddLoaderEntry for Volume Name=Recovery HD
79:331  0:000      Not match custom entry 0: Type: not match
79:345  0:013   8: 'Mac-Backup' hidden
79:345  0:000   9: 'data_1tp' hidden
79:345  0:000  10: 'backup' hidden
79:345  0:000  11: 'Images'
79:357  0:012  12: 'Whole Disc Boot' no file system
79:357  0:000  13: 'EFI'
79:405  0:047      AddLoaderEntry for Volume Name=EFI
79:405  0:000      Not match custom entry 0: Type: not match
79:423  0:018  14: 'Legacy HD2' no file system
79:423  0:000  15: 'win'
79:436  0:012  16: 'Mac'
79:436  0:000      AddLoaderEntry for Volume Name=Mac
79:436  0:000      Not match custom entry 0: Type: not match
79:436  0:000      Check if volume Is Hibernated:
79:436  0:000      Check sleep image 'by signature':
79:436  0:000      read prefs \Library\Preferences\SystemConfiguration\com.apple.PowerManagement.plist status=Success
79:436  0:000      SleepImage name from pref: ImageVolume = 'Mac', ImageName = '\private\var\vm\sleepimage'
79:436  0:000      Reading first 512 bytes of sleepimage ...
79:436  0:000      Reading completed -> Success
79:436  0:000       sleepimage offset could not be acquired
79:436  0:000       hibernated: no - sign
79:450  0:013  17: 'software' hidden
79:450  0:000  18: 'data' hidden
79:450  0:000  19: 'personal' hidden
79:450  0:000  20: 'backup' hidden
79:450  0:000  Custom legacy start
79:450  0:000  Custom legacy end
79:450  0:000  Scanning legacy ...
79:450  0:000   0: 'Whole Disc Boot' (legacy) not legacy
79:450  0:000   1: '1t-efi' (clover) add legacy
79:451  0:001   added 'Boot Clover from 1t-efi' OSType=3 Icon=clover
79:451  0:000   2: 'Legacy HD2' (legacy) not legacy
79:451  0:000   3: 'BOOT_1TP' (vista,win) add legacy
79:452  0:001   added 'Boot Windows from BOOT_1TP' OSType=2 Icon=vista,win
79:452  0:000   4: 'win_1tp' (vista,win) add legacy
79:453  0:001   added 'Boot Windows from win_1tp' OSType=2 Icon=vista,win
79:453  0:000   5: 'software_1tp' (vista,win) hidden
79:453  0:000   6: 'Macintosh HD' (legacy) not legacy
79:453  0:000   7: 'Recovery HD' (legacy) not legacy
79:453  0:000   8: 'Mac-Backup' (legacy) not legacy
79:453  0:000   9: 'data_1tp' (vista,win) hidden
79:453  0:000  10: 'backup' (vista,win) hidden
79:453  0:000  11: 'Images' (vista,win) add legacy
79:455  0:001   added 'Boot Windows from Images' OSType=2 Icon=vista,win
79:455  0:000  12: 'Whole Disc Boot' (legacy) not legacy
79:455  0:000  13: 'EFI' (legacy) not legacy
79:455  0:000  14: 'Legacy HD2' (legacy) not legacy
79:455  0:000  15: 'win' (vista,win) add legacy
79:456  0:001   added 'Boot Windows from win' OSType=2 Icon=vista,win
79:456  0:000  16: 'Mac' (legacy) not legacy
79:456  0:000  17: 'software' (vista,win) hidden
79:456  0:000  18: 'data' (vista,win) hidden
79:456  0:000  19: 'personal' (vista,win) hidden
79:456  0:000  20: 'backup' (vista,win) hidden
79:456  0:000  Custom tool start
79:456  0:000  Custom tool end
79:464  0:008  found tool \EFI\CLOVER\tools\Shell64U.efi
79:464  0:000  Checking EFI partition Volume 1 for Clover
79:464  0:000   Found Clover
79:464  0:000  Checking EFI partition Volume 13 for Clover
79:465  0:000   Found Clover
79:465  0:000  GetEfiBootDeviceFromNvram:already parsed
79:465  0:000   volume: partition = PciRoot(0x0)\Pci(0x1F,0x2)\Sata(0x0,0xFFFF,0x0)\HD(4,GPT,5AF9836F-3469-4E48-BFB0-074266BF87FD,0xA1D0800,0xA000800)
79:465  0:000   searching for that partition
79:465  0:000    found entry 4. 'Boot Mac OS X from Mac', Volume 'Mac'
79:465  0:000  Boot redirected to Entry 4. 'Boot Mac OS X from Mac'
79:465  0:000  DefaultIndex=4 and MainMenu.EntryCount=17
79:465  0:000  Use anime=logo_3D frames=50
133:999  54:534  adding to menu BGRT (54524742) PARADISE (4553494441524150) L=56(0x38)
133:999  0:000  adding to menu SSDT (54445353) PARADISE (4553494441524150) L=7264(0x1C60)
133:999  0:000  adding to menu DMAR (52414D44) PARADISE (4553494441524150) L=184(0xB8)
133:999  0:000  adding to menu SSDT (54445353) PARADISE (4553494441524150) L=4411(0x113B)
133:999  0:000  adding to menu SSDT (54445353) PARADISE (4553494441524150) L=7239(0x1C47)
133:999  0:000  adding to menu SSDT (54445353) PARADISE (4553494441524150) L=789(0x315)
133:999  0:000  adding to menu HPET (54455048) PARADISE (4553494441524150) L=56(0x38)
133:999  0:000  adding to menu MCFG (4746434D) PARADISE (4553494441524150) L=60(0x3C)
133:999  0:000  adding to menu SSDT (54445353) PARADISE (4553494441524150) L=2776(0xAD8)
133:999  0:000  adding to menu SSDT (54445353) PARADISE (4553494441524150) L=1337(0x539)
133:999  0:000  adding to menu SSDT (54445353) PARADISE (4553494441524150) L=3986(0xF92)
133:999  0:000  adding to menu SLIC (43494C53) PARADISE (4553494441524150) L=374(0x176)
133:999  0:000  adding to menu ASF! (21465341)  HCG (47434820) L=165(0xA5)
133:999  0:000  adding to menu FIDT (54444946) A M I (49204D2041) L=156(0x9C)
133:999  0:000  adding to menu FPDT (54445046) A M I (49204D2041) L=68(0x44)
133:999  0:000  adding to menu APIC (43495041) PARADISE (4553494441524150) L=146(0x92)
133:999  0:000  adding to menu FACP (50434146) PARADISE (4553494441524150) L=132(0x84)
150:338  16:339  EDITED: -v dart=0 nv_disable=1 kext-dev-mode=1 
156:129  5:790  EDITED: -v dart=0 nv_disable=1 kext-dev-mode=1 
160:680  4:550  EDITED: -v dart=0 nv_disable=1 kext-dev-mode=1 
169:597  8:917  EDITED: -x -s -v dart=0 nv_disable=1 kext-dev-mode=1 
177:139  7:541  EDITED: 10.10.2 
186:412  9:272  EDITED: [+] 
210:324  23:912  EDITED: [ ] 
210:971  0:646  EDITED: [ ] 
212:081  1:109  EDITED: [ ] 
241:475  29:393  ReinitSelfLib after theme change
241:475  0:000  reinit: self device path=PciRoot(0x0)\Pci(0x1F,0x2)\Sata(0x0,0xFFFF,0x0)\HD(1,GPT,5F7317D7-D2AE-4BE5-85B7-57A3907F6D3A,0x800,0xFA000)
241:475  0:000  found 21 volumes with blockIO
241:475  0:000   0. Volume:
241:475  0:000    PciRoot(0x0)\Pci(0x1A,0x0)\USB(0x0,0x0)\USB(0x1,0x0)
241:756  0:281    USB volume
241:756  0:000    USB volume
241:756  0:000   1. Volume:
241:756  0:000    PciRoot(0x0)\Pci(0x1A,0x0)\USB(0x0,0x0)\USB(0x1,0x0)\HD(1,GPT,069A4D10-3548-4AAC-B74A-006D9550124A,0x800,0x12B800)
241:765  0:008    Result of bootcode detection: bootable Clover (clover)
241:765  0:000    USB volume
241:765  0:000    USB volume
241:765  0:000   2. Volume:
241:765  0:000    PciRoot(0x0)\Pci(0x1A,0x0)\USB(0x0,0x0)\USB(0x1,0x0)\HD(2,GPT,D723BCEC-9BF2-4E24-9B72-C05668790A0F,0x12C000,0x40000)
241:773  0:008    USB volume
241:773  0:000    USB volume
241:773  0:000   3. Volume:
241:773  0:000    PciRoot(0x0)\Pci(0x1A,0x0)\USB(0x0,0x0)\USB(0x1,0x0)\HD(3,GPT,C18E8783-1A96-4010-9087-5E75BB25A82C,0x16C000,0x2800800)
241:786  0:012    Result of bootcode detection: bootable Windows (vista,win)
241:786  0:000    USB volume
241:786  0:000    USB volume
241:786  0:000   4. Volume:
241:786  0:000    PciRoot(0x0)\Pci(0x1A,0x0)\USB(0x0,0x0)\USB(0x1,0x0)\HD(4,GPT,9FE4AE29-A0BF-45D0-9EC7-85CB28D792D1,0x296C800,0xA000000)
241:797  0:010    Result of bootcode detection: bootable Windows (vista,win)
241:797  0:000    USB volume
241:797  0:000    USB volume
241:797  0:000   5. Volume:
241:797  0:000    PciRoot(0x0)\Pci(0x1A,0x0)\USB(0x0,0x0)\USB(0x1,0x0)\HD(5,GPT,D4428E7D-B853-4DCD-8F3C-80A5E0948A44,0xC96C800,0xA000000)
241:806  0:009    Result of bootcode detection: bootable Windows (vista,win)
241:806  0:000    USB volume
241:806  0:000    USB volume
241:806  0:000    hiding this volume
241:806  0:000    This is SelfVolume !!
241:806  0:000   6. Volume:
241:806  0:000    PciRoot(0x0)\Pci(0x1A,0x0)\USB(0x0,0x0)\USB(0x1,0x0)\HD(6,GPT,C21A96A2-E08E-477D-AFAD-B9966852B31D,0x1696C800,0x9ECA0E0)
241:824  0:017    USB volume
241:824  0:000    USB volume
241:824  0:000   7. Volume:
241:824  0:000    PciRoot(0x0)\Pci(0x1A,0x0)\USB(0x0,0x0)\USB(0x1,0x0)\HD(7,GPT,6C47F7EE-2EB5-4CDB-A0B4-37A57301DB0C,0x208368E0,0x135F20)
241:837  0:012    USB volume
241:837  0:000    USB volume
241:837  0:000   8. Volume:
241:837  0:000    PciRoot(0x0)\Pci(0x1A,0x0)\USB(0x0,0x0)\USB(0x1,0x0)\HD(8,GPT,D03BA429-EB6C-4E6D-856C-86C5498E098E,0x2096C800,0x9FC0000)
241:851  0:014    USB volume
241:851  0:000    USB volume
241:851  0:000    hiding this volume
241:851  0:000   9. Volume:
241:851  0:000    PciRoot(0x0)\Pci(0x1A,0x0)\USB(0x0,0x0)\USB(0x1,0x0)\HD(9,GPT,A21B369F-791A-47FC-8D5D-D4A02A3977B1,0x2A96C800,0x3E800000)
241:869  0:018    Result of bootcode detection: bootable Windows (vista,win)
241:869  0:000    USB volume
241:869  0:000    USB volume
241:869  0:000    hiding this volume
241:869  0:000  10. Volume:
241:869  0:000    PciRoot(0x0)\Pci(0x1A,0x0)\USB(0x0,0x0)\USB(0x1,0x0)\HD(10,GPT,85800145-8390-4020-80CD-0B84D71B7073,0x6916C800,0x5000000)
241:893  0:023    Result of bootcode detection: bootable Windows (vista,win)
241:893  0:000    USB volume
241:893  0:000    USB volume
241:893  0:000    hiding this volume
241:893  0:000  11. Volume:
241:893  0:000    PciRoot(0x0)\Pci(0x1A,0x0)\USB(0x0,0x0)\USB(0x1,0x0)\HD(11,GPT,EB391C25-C032-43A2-B08B-A351D0DB4B3F,0x6E16C800,0x6599800)
241:911  0:017    Result of bootcode detection: bootable Windows (vista,win)
241:911  0:000    USB volume
241:911  0:000    USB volume
241:911  0:000  12. Volume:
241:911  0:000    PciRoot(0x0)\Pci(0x1F,0x2)\Sata(0x0,0xFFFF,0x0)
242:184  0:272  13. Volume:
242:184  0:000    PciRoot(0x0)\Pci(0x1F,0x2)\Sata(0x0,0xFFFF,0x0)\HD(1,GPT,5F7317D7-D2AE-4BE5-85B7-57A3907F6D3A,0x800,0xFA000)
242:190  0:006    Result of bootcode detection: bootable unknown (legacy)
242:190  0:000    This is SelfVolume !!
242:190  0:000  14. Volume:
242:190  0:000    PciRoot(0x0)\Pci(0x1F,0x2)\Sata(0x0,0xFFFF,0x0)\HD(2,GPT,5C99481B-72DE-45F3-AFE9-3B51965F8290,0x190000,0x40000)
242:196  0:005    Result of bootcode detection: bootable unknown (legacy)
242:196  0:000  15. Volume:
242:196  0:000    PciRoot(0x0)\Pci(0x1F,0x2)\Sata(0x0,0xFFFF,0x0)\HD(3,GPT,F6172D29-D0E4-4926-B7DC-D111933DB8AF,0x1D0000,0xA000800)
242:206  0:010    Result of bootcode detection: bootable Windows (vista,win)
242:206  0:000  16. Volume:
242:206  0:000    PciRoot(0x0)\Pci(0x1F,0x2)\Sata(0x0,0xFFFF,0x0)\HD(4,GPT,5AF9836F-3469-4E48-BFB0-074266BF87FD,0xA1D0800,0xA000800)
242:220  0:014  17. Volume:
242:220  0:000    PciRoot(0x0)\Pci(0x1F,0x2)\Sata(0x0,0xFFFF,0x0)\HD(5,GPT,5F7A9ADC-96C4-44E4-BEDC-B47406401B7C,0x141D1000,0xC800800)
242:233  0:012    Result of bootcode detection: bootable Windows (vista,win)
242:233  0:000    hiding this volume
242:233  0:000  18. Volume:
242:233  0:000    PciRoot(0x0)\Pci(0x1F,0x2)\Sata(0x0,0xFFFF,0x0)\HD(6,GPT,074BC64F-1D08-4099-936B-7F0AB6FB2D86,0x209D1800,0x43800800)
242:243  0:010    Result of bootcode detection: bootable Windows (vista,win)
242:244  0:000    hiding this volume
242:244  0:000  19. Volume:
242:244  0:000    PciRoot(0x0)\Pci(0x1F,0x2)\Sata(0x0,0xFFFF,0x0)\HD(7,GPT,97895B71-B5B9-4A19-ABF6-DC82372416DC,0x641D2000,0x6400800)
242:267  0:023    Result of bootcode detection: bootable Windows (vista,win)
242:267  0:000    hiding this volume
242:267  0:000  20. Volume:
242:267  0:000    PciRoot(0x0)\Pci(0x1F,0x2)\Sata(0x0,0xFFFF,0x0)\HD(8,GPT,4BC2831B-7184-45F8-A9D5-ED6A7F449757,0x6A5D2800,0xA134000)
242:276  0:008    Result of bootcode detection: bootable Windows (vista,win)
242:276  0:000    hiding this volume
242:276  0:000  Choosing theme bootcamp
242:276  0:000  Custom entries start
242:276  0:000  Custom entry 0 skipped because it is disabled.
242:276  0:000  Custom entries finish
242:276  0:000  Scanning loaders...
242:276  0:000   0: 'Whole Disc Boot' no file system
242:276  0:000   1: '1t-efi'
242:276  0:000      AddLoaderEntry for Volume Name=1t-efi
242:276  0:000      Not match custom entry 0: Type: not match
243:174  0:897   2: 'Legacy HD2' no file system
243:174  0:000   3: 'BOOT_1TP'
243:186  0:012   4: 'win_1tp'
243:199  0:012   5: 'software_1tp' hidden
243:199  0:000   6: 'Macintosh HD'
243:199  0:000      AddLoaderEntry for Volume Name=Macintosh HD
243:199  0:000      Not match custom entry 0: Type: not match
243:199  0:000      Check if volume Is Hibernated:
243:199  0:000      Check sleep image 'by signature':
243:199  0:000      read prefs \Library\Preferences\SystemConfiguration\com.apple.PowerManagement.plist status=Success
243:199  0:000      SleepImage name from pref: ImageVolume = 'Macintosh HD', ImageName = '\private\var\vm\sleepimage'
243:199  0:000      Reading first 512 bytes of sleepimage ...
243:199  0:000      Reading completed -> Success
243:199  0:000       sleepimage offset could not be acquired
243:199  0:000       hibernated: no - sign
243:213  0:013   7: 'Recovery HD'
243:213  0:000      AddLoaderEntry for Volume Name=Recovery HD
243:213  0:000      Not match custom entry 0: Type: not match
243:227  0:013   8: 'Mac-Backup' hidden
243:227  0:000   9: 'data_1tp' hidden
243:227  0:000  10: 'backup' hidden
243:227  0:000  11: 'Images'
243:239  0:012  12: 'Whole Disc Boot' no file system
243:239  0:000  13: 'EFI'
243:240  0:001      AddLoaderEntry for Volume Name=EFI
243:240  0:000      Not match custom entry 0: Type: not match
243:254  0:013  14: 'Legacy HD2' no file system
243:254  0:000  15: 'win'
243:266  0:012  16: 'Mac'
243:266  0:000      AddLoaderEntry for Volume Name=Mac
243:267  0:000      Not match custom entry 0: Type: not match
243:267  0:000      Check if volume Is Hibernated:
243:267  0:000      Check sleep image 'by signature':
243:267  0:000      read prefs \Library\Preferences\SystemConfiguration\com.apple.PowerManagement.plist status=Success
243:267  0:000      SleepImage name from pref: ImageVolume = 'Mac', ImageName = '\private\var\vm\sleepimage'
243:267  0:000      Reading first 512 bytes of sleepimage ...
243:267  0:000      Reading completed -> Success
243:267  0:000       sleepimage offset could not be acquired
243:267  0:000       hibernated: no - sign
243:281  0:013  17: 'software' hidden
243:281  0:000  18: 'data' hidden
243:281  0:000  19: 'personal' hidden
243:281  0:000  20: 'backup' hidden
243:281  0:000  Custom legacy start
243:281  0:000  Custom legacy end
243:281  0:000  Scanning legacy ...
243:281  0:000   0: 'Whole Disc Boot' (legacy) not legacy
243:281  0:000   1: '1t-efi' (clover) add legacy
243:282  0:001   added 'Boot Clover from 1t-efi' OSType=3 Icon=clover
243:282  0:000   2: 'Legacy HD2' (legacy) not legacy
243:282  0:000   3: 'BOOT_1TP' (vista,win) add legacy
243:283  0:001   added 'Boot Windows from BOOT_1TP' OSType=2 Icon=vista,win
243:283  0:000   4: 'win_1tp' (vista,win) add legacy
243:284  0:001   added 'Boot Windows from win_1tp' OSType=2 Icon=vista,win
243:284  0:000   5: 'software_1tp' (vista,win) hidden
243:284  0:000   6: 'Macintosh HD' (legacy) not legacy
243:284  0:000   7: 'Recovery HD' (legacy) not legacy
243:284  0:000   8: 'Mac-Backup' (legacy) not legacy
243:284  0:000   9: 'data_1tp' (vista,win) hidden
243:284  0:000  10: 'backup' (vista,win) hidden
243:284  0:000  11: 'Images' (vista,win) add legacy
243:285  0:001   added 'Boot Windows from Images' OSType=2 Icon=vista,win
243:285  0:000  12: 'Whole Disc Boot' (legacy) not legacy
243:285  0:000  13: 'EFI' (legacy) not legacy
243:285  0:000  14: 'Legacy HD2' (legacy) not legacy
243:285  0:000  15: 'win' (vista,win) add legacy
243:286  0:001   added 'Boot Windows from win' OSType=2 Icon=vista,win
243:286  0:000  16: 'Mac' (legacy) not legacy
243:286  0:000  17: 'software' (vista,win) hidden
243:286  0:000  18: 'data' (vista,win) hidden
243:286  0:000  19: 'personal' (vista,win) hidden
243:286  0:000  20: 'backup' (vista,win) hidden
243:286  0:000  Custom tool start
243:286  0:000  Custom tool end
243:286  0:000  found tool \EFI\CLOVER\tools\Shell64U.efi
243:286  0:000  Checking EFI partition Volume 1 for Clover
243:286  0:000   Found Clover
243:286  0:000  Checking EFI partition Volume 13 for Clover
243:286  0:000   Found Clover
243:286  0:000  GetEfiBootDeviceFromNvram:already parsed
243:286  0:000   volume: partition = PciRoot(0x0)\Pci(0x1F,0x2)\Sata(0x0,0xFFFF,0x0)\HD(4,GPT,5AF9836F-3469-4E48-BFB0-074266BF87FD,0xA1D0800,0xA000800)
243:286  0:000   searching for that partition
243:286  0:000    found entry 4. 'Boot Mac OS X from Mac', Volume 'Mac'
243:286  0:000  Boot redirected to Entry 4. 'Boot Mac OS X from Mac'
243:286  0:000  DefaultIndex=4 and MainMenu.EntryCount=17
243:286  0:000  Use anime=logo_3D frames=50
